0 info it worked if it ends with ok
1 verbose cli [ 'F:\\applications\\node.exe',
1 verbose cli   'F:\\applications\\node_modules\\npm\\bin\\npm-cli.js',
1 verbose cli   'install',
1 verbose cli   'bcrypt',
1 verbose cli   '--save' ]
2 info using npm@3.10.10
3 info using node@v6.10.2
4 silly loadCurrentTree Starting
5 silly install loadCurrentTree
6 silly install readLocalPackageData
7 silly fetchPackageMetaData bcrypt@0.7.3
8 silly fetchNamedPackageData bcrypt
9 silly mapToRegistry name bcrypt
10 silly mapToRegistry using default registry
11 silly mapToRegistry registry https://registry.npmjs.org/
12 silly mapToRegistry data Result {
12 silly mapToRegistry   raw: 'bcrypt',
12 silly mapToRegistry   scope: null,
12 silly mapToRegistry   escapedName: 'bcrypt',
12 silly mapToRegistry   name: 'bcrypt',
12 silly mapToRegistry   rawSpec: '',
12 silly mapToRegistry   spec: 'latest',
12 silly mapToRegistry   type: 'tag' }
13 silly mapToRegistry uri https://registry.npmjs.org/bcrypt
14 verbose request uri https://registry.npmjs.org/bcrypt
15 verbose request no auth needed
16 info attempt registry request try #1 at 23:56:46
17 verbose request id cd4399ad6e67c359
18 verbose etag W/"5937c45b-16fa1"
19 verbose lastModified Wed, 07 Jun 2017 09:16:11 GMT
20 http request GET https://registry.npmjs.org/bcrypt
21 http 304 https://registry.npmjs.org/bcrypt
22 verbose headers { date: 'Wed, 14 Jun 2017 15:53:44 GMT',
22 verbose headers   via: '1.1 varnish',
22 verbose headers   'cache-control': 'max-age=300',
22 verbose headers   etag: 'W/"5937c45b-16fa1"',
22 verbose headers   age: '0',
22 verbose headers   connection: 'keep-alive',
22 verbose headers   'x-served-by': 'cache-hkg6822-HKG',
22 verbose headers   'x-cache': 'HIT',
22 verbose headers   'x-cache-hits': '1',
22 verbose headers   'x-timer': 'S1497455624.257684,VS0,VE189',
22 verbose headers   vary: 'Accept-Encoding' }
23 silly get cb [ 304,
23 silly get   { date: 'Wed, 14 Jun 2017 15:53:44 GMT',
23 silly get     via: '1.1 varnish',
23 silly get     'cache-control': 'max-age=300',
23 silly get     etag: 'W/"5937c45b-16fa1"',
23 silly get     age: '0',
23 silly get     connection: 'keep-alive',
23 silly get     'x-served-by': 'cache-hkg6822-HKG',
23 silly get     'x-cache': 'HIT',
23 silly get     'x-cache-hits': '1',
23 silly get     'x-timer': 'S1497455624.257684,VS0,VE189',
23 silly get     vary: 'Accept-Encoding' } ]
24 verbose etag https://registry.npmjs.org/bcrypt from cache
25 verbose get saving bcrypt to C:\Users\123\AppData\Roaming\npm-cache\registry.npmjs.org\bcrypt\.cache.json
26 verbose correctMkdir C:\Users\123\AppData\Roaming\npm-cache correctMkdir not in flight; initializing
27 silly install normalizeTree
28 silly loadCurrentTree Finishing
29 silly loadIdealTree Starting
30 silly install loadIdealTree
31 silly cloneCurrentTree Starting
32 silly install cloneCurrentTreeToIdealTree
33 silly cloneCurrentTree Finishing
34 silly loadShrinkwrap Starting
35 silly install loadShrinkwrap
36 silly loadShrinkwrap Finishing
37 silly loadAllDepsIntoIdealTree Starting
38 silly install loadAllDepsIntoIdealTree
39 silly resolveWithNewModule bcrypt@0.7.3 checking installable status
40 silly cache add args [ 'bcrypt@0.7.3', null ]
41 verbose cache add spec bcrypt@0.7.3
42 silly cache add parsed spec Result {
42 silly cache add   raw: 'bcrypt@0.7.3',
42 silly cache add   scope: null,
42 silly cache add   escapedName: 'bcrypt',
42 silly cache add   name: 'bcrypt',
42 silly cache add   rawSpec: '0.7.3',
42 silly cache add   spec: '0.7.3',
42 silly cache add   type: 'version' }
43 silly addNamed bcrypt@0.7.3
44 verbose addNamed "0.7.3" is a plain semver version for bcrypt
45 silly mapToRegistry name bcrypt
46 silly mapToRegistry using default registry
47 silly mapToRegistry registry https://registry.npmjs.org/
48 silly mapToRegistry data Result {
48 silly mapToRegistry   raw: 'bcrypt',
48 silly mapToRegistry   scope: null,
48 silly mapToRegistry   escapedName: 'bcrypt',
48 silly mapToRegistry   name: 'bcrypt',
48 silly mapToRegistry   rawSpec: '',
48 silly mapToRegistry   spec: 'latest',
48 silly mapToRegistry   type: 'tag' }
49 silly mapToRegistry uri https://registry.npmjs.org/bcrypt
50 verbose addNameVersion registry:https://registry.npmjs.org/bcrypt not in flight; fetching
51 verbose get https://registry.npmjs.org/bcrypt not expired, no request
52 silly cache afterAdd bcrypt@0.7.3
53 verbose afterAdd C:\Users\123\AppData\Roaming\npm-cache\bcrypt\0.7.3\package\package.json not in flight; writing
54 verbose correctMkdir C:\Users\123\AppData\Roaming\npm-cache correctMkdir not in flight; initializing
55 verbose afterAdd C:\Users\123\AppData\Roaming\npm-cache\bcrypt\0.7.3\package\package.json written
56 silly fetchNamedPackageData bindings
57 silly mapToRegistry name bindings
58 silly mapToRegistry using default registry
59 silly mapToRegistry registry https://registry.npmjs.org/
60 silly mapToRegistry data Result {
60 silly mapToRegistry   raw: 'bindings',
60 silly mapToRegistry   scope: null,
60 silly mapToRegistry   escapedName: 'bindings',
60 silly mapToRegistry   name: 'bindings',
60 silly mapToRegistry   rawSpec: '',
60 silly mapToRegistry   spec: 'latest',
60 silly mapToRegistry   type: 'tag' }
61 silly mapToRegistry uri https://registry.npmjs.org/bindings
62 verbose request uri https://registry.npmjs.org/bindings
63 verbose request no auth needed
64 info attempt registry request try #1 at 23:56:46
65 verbose etag W/"59234f99-46bf"
66 verbose lastModified Mon, 22 May 2017 20:52:41 GMT
67 http request GET https://registry.npmjs.org/bindings
68 http 304 https://registry.npmjs.org/bindings
69 verbose headers { date: 'Wed, 14 Jun 2017 15:53:44 GMT',
69 verbose headers   via: '1.1 varnish',
69 verbose headers   'cache-control': 'max-age=300',
69 verbose headers   etag: 'W/"59234f99-46bf"',
69 verbose headers   age: '65',
69 verbose headers   connection: 'keep-alive',
69 verbose headers   'x-served-by': 'cache-hkg6822-HKG',
69 verbose headers   'x-cache': 'HIT',
69 verbose headers   'x-cache-hits': '1',
69 verbose headers   'x-timer': 'S1497455625.687711,VS0,VE1',
69 verbose headers   vary: 'Accept-Encoding' }
70 silly get cb [ 304,
70 silly get   { date: 'Wed, 14 Jun 2017 15:53:44 GMT',
70 silly get     via: '1.1 varnish',
70 silly get     'cache-control': 'max-age=300',
70 silly get     etag: 'W/"59234f99-46bf"',
70 silly get     age: '65',
70 silly get     connection: 'keep-alive',
70 silly get     'x-served-by': 'cache-hkg6822-HKG',
70 silly get     'x-cache': 'HIT',
70 silly get     'x-cache-hits': '1',
70 silly get     'x-timer': 'S1497455625.687711,VS0,VE1',
70 silly get     vary: 'Accept-Encoding' } ]
71 verbose etag https://registry.npmjs.org/bindings from cache
72 verbose get saving bindings to C:\Users\123\AppData\Roaming\npm-cache\registry.npmjs.org\bindings\.cache.json
73 verbose correctMkdir C:\Users\123\AppData\Roaming\npm-cache correctMkdir not in flight; initializing
74 silly resolveWithNewModule bindings@1.0.0 checking installable status
75 silly cache add args [ 'bindings@1.0.0', null ]
76 verbose cache add spec bindings@1.0.0
77 silly cache add parsed spec Result {
77 silly cache add   raw: 'bindings@1.0.0',
77 silly cache add   scope: null,
77 silly cache add   escapedName: 'bindings',
77 silly cache add   name: 'bindings',
77 silly cache add   rawSpec: '1.0.0',
77 silly cache add   spec: '1.0.0',
77 silly cache add   type: 'version' }
78 silly addNamed bindings@1.0.0
79 verbose addNamed "1.0.0" is a plain semver version for bindings
80 silly mapToRegistry name bindings
81 silly mapToRegistry using default registry
82 silly mapToRegistry registry https://registry.npmjs.org/
83 silly mapToRegistry data Result {
83 silly mapToRegistry   raw: 'bindings',
83 silly mapToRegistry   scope: null,
83 silly mapToRegistry   escapedName: 'bindings',
83 silly mapToRegistry   name: 'bindings',
83 silly mapToRegistry   rawSpec: '',
83 silly mapToRegistry   spec: 'latest',
83 silly mapToRegistry   type: 'tag' }
84 silly mapToRegistry uri https://registry.npmjs.org/bindings
85 verbose addNameVersion registry:https://registry.npmjs.org/bindings not in flight; fetching
86 verbose get https://registry.npmjs.org/bindings not expired, no request
87 silly cache afterAdd bindings@1.0.0
88 verbose afterAdd C:\Users\123\AppData\Roaming\npm-cache\bindings\1.0.0\package\package.json not in flight; writing
89 verbose correctMkdir C:\Users\123\AppData\Roaming\npm-cache correctMkdir not in flight; initializing
90 verbose afterAdd C:\Users\123\AppData\Roaming\npm-cache\bindings\1.0.0\package\package.json written
91 silly fetchNamedPackageData hiredis
92 silly mapToRegistry name hiredis
93 silly mapToRegistry using default registry
94 silly mapToRegistry registry https://registry.npmjs.org/
95 silly mapToRegistry data Result {
95 silly mapToRegistry   raw: 'hiredis',
95 silly mapToRegistry   scope: null,
95 silly mapToRegistry   escapedName: 'hiredis',
95 silly mapToRegistry   name: 'hiredis',
95 silly mapToRegistry   rawSpec: '',
95 silly mapToRegistry   spec: 'latest',
95 silly mapToRegistry   type: 'tag' }
96 silly mapToRegistry uri https://registry.npmjs.org/hiredis
97 verbose request uri https://registry.npmjs.org/hiredis
98 verbose request no auth needed
99 info attempt registry request try #1 at 23:56:47
100 verbose etag W/"5922dab4-56ee"
101 verbose lastModified Mon, 22 May 2017 12:33:56 GMT
102 http request GET https://registry.npmjs.org/hiredis
103 http 304 https://registry.npmjs.org/hiredis
104 verbose headers { date: 'Wed, 14 Jun 2017 15:53:44 GMT',
104 verbose headers   via: '1.1 varnish',
104 verbose headers   'cache-control': 'max-age=300',
104 verbose headers   etag: 'W/"5922dab4-56ee"',
104 verbose headers   age: '265',
104 verbose headers   connection: 'keep-alive',
104 verbose headers   'x-served-by': 'cache-hkg6822-HKG',
104 verbose headers   'x-cache': 'HIT',
104 verbose headers   'x-cache-hits': '2',
104 verbose headers   'x-timer': 'S1497455625.890020,VS0,VE0',
104 verbose headers   vary: 'Accept-Encoding' }
105 silly get cb [ 304,
105 silly get   { date: 'Wed, 14 Jun 2017 15:53:44 GMT',
105 silly get     via: '1.1 varnish',
105 silly get     'cache-control': 'max-age=300',
105 silly get     etag: 'W/"5922dab4-56ee"',
105 silly get     age: '265',
105 silly get     connection: 'keep-alive',
105 silly get     'x-served-by': 'cache-hkg6822-HKG',
105 silly get     'x-cache': 'HIT',
105 silly get     'x-cache-hits': '2',
105 silly get     'x-timer': 'S1497455625.890020,VS0,VE0',
105 silly get     vary: 'Accept-Encoding' } ]
106 verbose etag https://registry.npmjs.org/hiredis from cache
107 verbose get saving hiredis to C:\Users\123\AppData\Roaming\npm-cache\registry.npmjs.org\hiredis\.cache.json
108 verbose correctMkdir C:\Users\123\AppData\Roaming\npm-cache correctMkdir not in flight; initializing
109 silly resolveWithNewModule hiredis@0.5.0 checking installable status
110 silly cache add args [ 'hiredis@*', null ]
111 verbose cache add spec hiredis@*
112 silly cache add parsed spec Result {
112 silly cache add   raw: 'hiredis@*',
112 silly cache add   scope: null,
112 silly cache add   escapedName: 'hiredis',
112 silly cache add   name: 'hiredis',
112 silly cache add   rawSpec: '*',
112 silly cache add   spec: '*',
112 silly cache add   type: 'range' }
113 silly addNamed hiredis@*
114 verbose addNamed "*" is a valid semver range for hiredis
115 silly addNameRange { name: 'hiredis', range: '*', hasData: false }
116 silly mapToRegistry name hiredis
117 silly mapToRegistry using default registry
118 silly mapToRegistry registry https://registry.npmjs.org/
119 silly mapToRegistry data Result {
119 silly mapToRegistry   raw: 'hiredis',
119 silly mapToRegistry   scope: null,
119 silly mapToRegistry   escapedName: 'hiredis',
119 silly mapToRegistry   name: 'hiredis',
119 silly mapToRegistry   rawSpec: '',
119 silly mapToRegistry   spec: 'latest',
119 silly mapToRegistry   type: 'tag' }
120 silly mapToRegistry uri https://registry.npmjs.org/hiredis
121 verbose addNameRange registry:https://registry.npmjs.org/hiredis not in flight; fetching
122 verbose get https://registry.npmjs.org/hiredis not expired, no request
123 silly addNameRange number 2 { name: 'hiredis', range: '*', hasData: true }
124 silly addNameRange versions [ 'hiredis',
124 silly addNameRange   [ '0.1.0',
124 silly addNameRange     '0.1.1',
124 silly addNameRange     '0.1.2',
124 silly addNameRange     '0.1.3',
124 silly addNameRange     '0.1.4',
124 silly addNameRange     '0.1.5',
124 silly addNameRange     '0.1.6',
124 silly addNameRange     '0.1.8',
124 silly addNameRange     '0.1.9',
124 silly addNameRange     '0.1.10',
124 silly addNameRange     '0.1.12',
124 silly addNameRange     '0.1.13',
124 silly addNameRange     '0.1.14',
124 silly addNameRange     '0.1.15',
124 silly addNameRange     '0.1.16',
124 silly addNameRange     '0.1.17',
124 silly addNameRange     '0.2.0',
124 silly addNameRange     '0.3.0',
124 silly addNameRange     '0.4.0',
124 silly addNameRange     '0.4.1',
124 silly addNameRange     '0.5.0' ] ]
125 silly addNamed hiredis@0.5.0
126 verbose addNamed "0.5.0" is a plain semver version for hiredis
127 silly cache afterAdd hiredis@0.5.0
128 verbose afterAdd C:\Users\123\AppData\Roaming\npm-cache\hiredis\0.5.0\package\package.json not in flight; writing
129 verbose correctMkdir C:\Users\123\AppData\Roaming\npm-cache correctMkdir not in flight; initializing
130 verbose afterAdd C:\Users\123\AppData\Roaming\npm-cache\hiredis\0.5.0\package\package.json written
131 silly fetchNamedPackageData bindings
132 silly mapToRegistry name bindings
133 silly mapToRegistry using default registry
134 silly mapToRegistry registry https://registry.npmjs.org/
135 silly mapToRegistry data Result {
135 silly mapToRegistry   raw: 'bindings',
135 silly mapToRegistry   scope: null,
135 silly mapToRegistry   escapedName: 'bindings',
135 silly mapToRegistry   name: 'bindings',
135 silly mapToRegistry   rawSpec: '',
135 silly mapToRegistry   spec: 'latest',
135 silly mapToRegistry   type: 'tag' }
136 silly mapToRegistry uri https://registry.npmjs.org/bindings
137 silly resolveWithNewModule bindings@1.2.1 checking installable status
138 silly cache add args [ 'bindings@^1.2.1', null ]
139 verbose cache add spec bindings@^1.2.1
140 silly fetchNamedPackageData nan
141 silly mapToRegistry name nan
142 silly mapToRegistry using default registry
143 silly mapToRegistry registry https://registry.npmjs.org/
144 silly mapToRegistry data Result {
144 silly mapToRegistry   raw: 'nan',
144 silly mapToRegistry   scope: null,
144 silly mapToRegistry   escapedName: 'nan',
144 silly mapToRegistry   name: 'nan',
144 silly mapToRegistry   rawSpec: '',
144 silly mapToRegistry   spec: 'latest',
144 silly mapToRegistry   type: 'tag' }
145 silly mapToRegistry uri https://registry.npmjs.org/nan
146 silly cache add parsed spec Result {
146 silly cache add   raw: 'bindings@^1.2.1',
146 silly cache add   scope: null,
146 silly cache add   escapedName: 'bindings',
146 silly cache add   name: 'bindings',
146 silly cache add   rawSpec: '^1.2.1',
146 silly cache add   spec: '>=1.2.1 <2.0.0',
146 silly cache add   type: 'range' }
147 silly addNamed bindings@>=1.2.1 <2.0.0
148 verbose addNamed ">=1.2.1 <2.0.0" is a valid semver range for bindings
149 silly addNameRange { name: 'bindings', range: '>=1.2.1 <2.0.0', hasData: false }
150 silly mapToRegistry name bindings
151 silly mapToRegistry using default registry
152 silly mapToRegistry registry https://registry.npmjs.org/
153 silly mapToRegistry data Result {
153 silly mapToRegistry   raw: 'bindings',
153 silly mapToRegistry   scope: null,
153 silly mapToRegistry   escapedName: 'bindings',
153 silly mapToRegistry   name: 'bindings',
153 silly mapToRegistry   rawSpec: '',
153 silly mapToRegistry   spec: 'latest',
153 silly mapToRegistry   type: 'tag' }
154 silly mapToRegistry uri https://registry.npmjs.org/bindings
155 verbose addNameRange registry:https://registry.npmjs.org/bindings not in flight; fetching
156 verbose get https://registry.npmjs.org/bindings not expired, no request
157 silly addNameRange number 2 { name: 'bindings', range: '>=1.2.1 <2.0.0', hasData: true }
158 silly addNameRange versions [ 'bindings',
158 silly addNameRange   [ '0.0.1',
158 silly addNameRange     '0.1.0',
158 silly addNameRange     '0.1.1',
158 silly addNameRange     '0.2.0',
158 silly addNameRange     '0.2.1',
158 silly addNameRange     '0.2.2',
158 silly addNameRange     '0.2.3',
158 silly addNameRange     '0.2.4',
158 silly addNameRange     '0.3.0',
158 silly addNameRange     '0.4.0',
158 silly addNameRange     '1.0.0',
158 silly addNameRange     '1.1.0',
158 silly addNameRange     '1.1.1',
158 silly addNameRange     '1.2.0',
158 silly addNameRange     '1.2.1' ] ]
159 silly addNamed bindings@1.2.1
160 verbose addNamed "1.2.1" is a plain semver version for bindings
161 verbose request uri https://registry.npmjs.org/nan
162 verbose request no auth needed
163 info attempt registry request try #1 at 23:56:47
164 verbose etag W/"592dfb8f-1f9f8"
165 verbose lastModified Tue, 30 May 2017 23:09:03 GMT
166 http request GET https://registry.npmjs.org/nan
167 silly cache afterAdd bindings@1.2.1
168 verbose afterAdd C:\Users\123\AppData\Roaming\npm-cache\bindings\1.2.1\package\package.json not in flight; writing
169 verbose correctMkdir C:\Users\123\AppData\Roaming\npm-cache correctMkdir not in flight; initializing
170 verbose afterAdd C:\Users\123\AppData\Roaming\npm-cache\bindings\1.2.1\package\package.json written
171 http 304 https://registry.npmjs.org/nan
172 verbose headers { date: 'Wed, 14 Jun 2017 15:53:45 GMT',
172 verbose headers   via: '1.1 varnish',
172 verbose headers   'cache-control': 'max-age=300',
172 verbose headers   etag: 'W/"592dfb8f-1f9f8"',
172 verbose headers   age: '0',
172 verbose headers   connection: 'keep-alive',
172 verbose headers   'x-served-by': 'cache-hkg6822-HKG',
172 verbose headers   'x-cache': 'HIT',
172 verbose headers   'x-cache-hits': '1',
172 verbose headers   'x-timer': 'S1497455625.049653,VS0,VE160',
172 verbose headers   vary: 'Accept-Encoding' }
173 silly get cb [ 304,
173 silly get   { date: 'Wed, 14 Jun 2017 15:53:45 GMT',
173 silly get     via: '1.1 varnish',
173 silly get     'cache-control': 'max-age=300',
173 silly get     etag: 'W/"592dfb8f-1f9f8"',
173 silly get     age: '0',
173 silly get     connection: 'keep-alive',
173 silly get     'x-served-by': 'cache-hkg6822-HKG',
173 silly get     'x-cache': 'HIT',
173 silly get     'x-cache-hits': '1',
173 silly get     'x-timer': 'S1497455625.049653,VS0,VE160',
173 silly get     vary: 'Accept-Encoding' } ]
174 verbose etag https://registry.npmjs.org/nan from cache
175 verbose get saving nan to C:\Users\123\AppData\Roaming\npm-cache\registry.npmjs.org\nan\.cache.json
176 verbose correctMkdir C:\Users\123\AppData\Roaming\npm-cache correctMkdir not in flight; initializing
177 silly resolveWithNewModule nan@2.6.2 checking installable status
178 silly cache add args [ 'nan@^2.3.4', null ]
179 verbose cache add spec nan@^2.3.4
180 silly cache add parsed spec Result {
180 silly cache add   raw: 'nan@^2.3.4',
180 silly cache add   scope: null,
180 silly cache add   escapedName: 'nan',
180 silly cache add   name: 'nan',
180 silly cache add   rawSpec: '^2.3.4',
180 silly cache add   spec: '>=2.3.4 <3.0.0',
180 silly cache add   type: 'range' }
181 silly addNamed nan@>=2.3.4 <3.0.0
182 verbose addNamed ">=2.3.4 <3.0.0" is a valid semver range for nan
183 silly addNameRange { name: 'nan', range: '>=2.3.4 <3.0.0', hasData: false }
184 silly mapToRegistry name nan
185 silly mapToRegistry using default registry
186 silly mapToRegistry registry https://registry.npmjs.org/
187 silly mapToRegistry data Result {
187 silly mapToRegistry   raw: 'nan',
187 silly mapToRegistry   scope: null,
187 silly mapToRegistry   escapedName: 'nan',
187 silly mapToRegistry   name: 'nan',
187 silly mapToRegistry   rawSpec: '',
187 silly mapToRegistry   spec: 'latest',
187 silly mapToRegistry   type: 'tag' }
188 silly mapToRegistry uri https://registry.npmjs.org/nan
189 verbose addNameRange registry:https://registry.npmjs.org/nan not in flight; fetching
190 verbose get https://registry.npmjs.org/nan not expired, no request
191 silly addNameRange number 2 { name: 'nan', range: '>=2.3.4 <3.0.0', hasData: true }
192 silly addNameRange versions [ 'nan',
192 silly addNameRange   [ '0.3.0-wip',
192 silly addNameRange     '0.3.0-wip2',
192 silly addNameRange     '0.3.0',
192 silly addNameRange     '0.3.1',
192 silly addNameRange     '0.3.2',
192 silly addNameRange     '0.4.0',
192 silly addNameRange     '0.4.1',
192 silly addNameRange     '0.4.2',
192 silly addNameRange     '0.4.3',
192 silly addNameRange     '0.4.4',
192 silly addNameRange     '0.5.0',
192 silly addNameRange     '0.5.1',
192 silly addNameRange     '0.5.2',
192 silly addNameRange     '0.6.0',
192 silly addNameRange     '0.7.0',
192 silly addNameRange     '0.7.1',
192 silly addNameRange     '0.8.0',
192 silly addNameRange     '1.0.0',
192 silly addNameRange     '1.1.0',
192 silly addNameRange     '1.1.1',
192 silly addNameRange     '1.1.2',
192 silly addNameRange     '1.2.0',
192 silly addNameRange     '1.3.0',
192 silly addNameRange     '1.4.0',
192 silly addNameRange     '1.4.1',
192 silly addNameRange     '1.5.0',
192 silly addNameRange     '1.4.2',
192 silly addNameRange     '1.4.3',
192 silly addNameRange     '1.5.1',
192 silly addNameRange     '1.5.2',
192 silly addNameRange     '1.6.0',
192 silly addNameRange     '1.5.3',
192 silly addNameRange     '1.6.1',
192 silly addNameRange     '1.6.2',
192 silly addNameRange     '1.7.0',
192 silly addNameRange     '1.8.0',
192 silly addNameRange     '1.8.1',
192 silly addNameRange     '1.8.2',
192 silly addNameRange     '1.8.3',
192 silly addNameRange     '1.8.4',
192 silly addNameRange     '1.9.0',
192 silly addNameRange     '2.0.0',
192 silly addNameRange     '2.0.1',
192 silly addNameRange     '2.0.2',
192 silly addNameRange     '2.0.3',
192 silly addNameRange     '2.0.4',
192 silly addNameRange     '2.0.5',
192 silly addNameRange     '2.0.6',
192 silly addNameRange     '2.0.7',
192 silly addNameRange     '2.0.8',
192 silly addNameRange     '2.0.9',
192 silly addNameRange     '2.1.0',
192 silly addNameRange     '2.2.0',
192 silly addNameRange     '2.2.1',
192 silly addNameRange     '2.3.0',
192 silly addNameRange     '2.3.1',
192 silly addNameRange     '2.3.2',
192 silly addNameRange     '2.3.3',
192 silly addNameRange     '2.3.4',
192 silly addNameRange     '2.3.5',
192 silly addNameRange     '2.4.0',
192 silly addNameRange     '2.5.0',
192 silly addNameRange     '2.5.1',
192 silly addNameRange     '2.6.0',
192 silly addNameRange     '2.6.1',
192 silly addNameRange     '2.6.2' ] ]
193 silly addNamed nan@2.6.2
194 verbose addNamed "2.6.2" is a plain semver version for nan
195 silly cache afterAdd nan@2.6.2
196 verbose afterAdd C:\Users\123\AppData\Roaming\npm-cache\nan\2.6.2\package\package.json not in flight; writing
197 verbose correctMkdir C:\Users\123\AppData\Roaming\npm-cache correctMkdir not in flight; initializing
198 verbose afterAdd C:\Users\123\AppData\Roaming\npm-cache\nan\2.6.2\package\package.json written
199 silly loadAllDepsIntoIdealTree Finishing
200 silly loadIdealTree Finishing
201 silly currentTree application-name@0.0.1
201 silly currentTree +-- accepts@1.2.13
201 silly currentTree +-- base64-url@1.2.1
201 silly currentTree +-- basic-auth-connect@1.0.0
201 silly currentTree +-- basic-auth@1.0.4
201 silly currentTree +-- batch@0.5.3
201 silly currentTree +-- body-parser@1.13.3
201 silly currentTree +-- bytes@2.1.0
201 silly currentTree +-- commander@2.6.0
201 silly currentTree +-- compressible@2.0.10
201 silly currentTree +-- compression@1.5.2
201 silly currentTree +-- connect-timeout@1.6.2
201 silly currentTree +-- connect@2.30.2
201 silly currentTree +-- content-disposition@0.5.0
201 silly currentTree +-- content-type@1.0.2
201 silly currentTree +-- cookie-parser@1.3.5
201 silly currentTree +-- cookie-signature@1.0.6
201 silly currentTree +-- cookie@0.1.3
201 silly currentTree +-- core-util-is@1.0.2
201 silly currentTree +-- crc@3.3.0
201 silly currentTree +-- csrf@3.0.6
201 silly currentTree +-- csurf@1.8.3
201 silly currentTree +-- debug@2.2.0
201 silly currentTree +-- depd@1.0.1
201 silly currentTree +-- destroy@1.0.4
201 silly currentTree +-- ee-first@1.1.1
201 silly currentTree +-- ejs@2.5.6
201 silly currentTree +-- errorhandler@1.4.3
201 silly currentTree | +-- accepts@1.3.3
201 silly currentTree | +-- escape-html@1.0.3
201 silly currentTree | `-- negotiator@0.6.1
201 silly currentTree +-- escape-html@1.0.2
201 silly currentTree +-- etag@1.7.0
201 silly currentTree +-- express-session@1.11.3
201 silly currentTree | `-- uid-safe@2.0.0
201 silly currentTree +-- express@3.21.2
201 silly currentTree +-- finalhandler@0.4.0
201 silly currentTree +-- forwarded@0.1.0
201 silly currentTree +-- fresh@0.3.0
201 silly currentTree +-- http-errors@1.3.1
201 silly currentTree +-- iconv-lite@0.4.11
201 silly currentTree +-- inherits@2.0.3
201 silly currentTree +-- ipaddr.js@1.0.5
201 silly currentTree +-- isarray@0.0.1
201 silly currentTree +-- media-typer@0.3.0
201 silly currentTree +-- merge-descriptors@1.0.0
201 silly currentTree +-- method-override@2.3.9
201 silly currentTree | +-- debug@2.6.8
201 silly currentTree | +-- ms@2.0.0
201 silly currentTree | `-- vary@1.1.1
201 silly currentTree +-- methods@1.1.2
201 silly currentTree +-- mime-db@1.27.0
201 silly currentTree +-- mime-types@2.1.15
201 silly currentTree +-- mime@1.3.4
201 silly currentTree +-- minimist@0.0.8
201 silly currentTree +-- mkdirp@0.5.1
201 silly currentTree +-- morgan@1.6.1
201 silly currentTree +-- ms@0.7.1
201 silly currentTree +-- multiparty@3.3.2
201 silly currentTree +-- negotiator@0.5.3
201 silly currentTree +-- on-finished@2.3.0
201 silly currentTree +-- on-headers@1.0.1
201 silly currentTree +-- parseurl@1.3.1
201 silly currentTree +-- pause@0.1.0
201 silly currentTree +-- proxy-addr@1.0.10
201 silly currentTree +-- qs@4.0.0
201 silly currentTree +-- random-bytes@1.0.0
201 silly currentTree +-- range-parser@1.0.3
201 silly currentTree +-- raw-body@2.1.7
201 silly currentTree | +-- bytes@2.4.0
201 silly currentTree | `-- iconv-lite@0.4.13
201 silly currentTree +-- readable-stream@1.1.14
201 silly currentTree +-- redis@0.7.2
201 silly currentTree +-- response-time@2.3.2
201 silly currentTree | `-- depd@1.1.0
201 silly currentTree +-- rndm@1.2.0
201 silly currentTree +-- send@0.13.0
201 silly currentTree | +-- destroy@1.0.3
201 silly currentTree | `-- statuses@1.2.1
201 silly currentTree +-- serve-favicon@2.3.2
201 silly currentTree | `-- ms@0.7.2
201 silly currentTree +-- serve-index@1.7.3
201 silly currentTree | `-- escape-html@1.0.3
201 silly currentTree +-- serve-static@1.10.3
201 silly currentTree | +-- depd@1.1.0
201 silly currentTree | +-- escape-html@1.0.3
201 silly currentTree | +-- send@0.13.2
201 silly currentTree | `-- statuses@1.2.1
201 silly currentTree +-- statuses@1.3.1
201 silly currentTree +-- stream-counter@0.2.0
201 silly currentTree +-- string_decoder@0.10.31
201 silly currentTree +-- tsscmp@1.0.5
201 silly currentTree +-- type-is@1.6.15
201 silly currentTree +-- uid-safe@2.1.4
201 silly currentTree +-- unpipe@1.0.0
201 silly currentTree +-- utils-merge@1.0.0
201 silly currentTree +-- vary@1.0.1
201 silly currentTree `-- vhost@3.0.2
202 silly idealTree application-name@0.0.1
202 silly idealTree +-- accepts@1.2.13
202 silly idealTree +-- base64-url@1.2.1
202 silly idealTree +-- basic-auth-connect@1.0.0
202 silly idealTree +-- basic-auth@1.0.4
202 silly idealTree +-- batch@0.5.3
202 silly idealTree +-- bcrypt@0.7.3
202 silly idealTree +-- bindings@1.0.0
202 silly idealTree +-- body-parser@1.13.3
202 silly idealTree +-- bytes@2.1.0
202 silly idealTree +-- commander@2.6.0
202 silly idealTree +-- compressible@2.0.10
202 silly idealTree +-- compression@1.5.2
202 silly idealTree +-- connect-timeout@1.6.2
202 silly idealTree +-- connect@2.30.2
202 silly idealTree +-- content-disposition@0.5.0
202 silly idealTree +-- content-type@1.0.2
202 silly idealTree +-- cookie-parser@1.3.5
202 silly idealTree +-- cookie-signature@1.0.6
202 silly idealTree +-- cookie@0.1.3
202 silly idealTree +-- core-util-is@1.0.2
202 silly idealTree +-- crc@3.3.0
202 silly idealTree +-- csrf@3.0.6
202 silly idealTree +-- csurf@1.8.3
202 silly idealTree +-- debug@2.2.0
202 silly idealTree +-- depd@1.0.1
202 silly idealTree +-- destroy@1.0.4
202 silly idealTree +-- ee-first@1.1.1
202 silly idealTree +-- ejs@2.5.6
202 silly idealTree +-- errorhandler@1.4.3
202 silly idealTree | +-- accepts@1.3.3
202 silly idealTree | +-- escape-html@1.0.3
202 silly idealTree | `-- negotiator@0.6.1
202 silly idealTree +-- escape-html@1.0.2
202 silly idealTree +-- etag@1.7.0
202 silly idealTree +-- express-session@1.11.3
202 silly idealTree | `-- uid-safe@2.0.0
202 silly idealTree +-- express@3.21.2
202 silly idealTree +-- finalhandler@0.4.0
202 silly idealTree +-- forwarded@0.1.0
202 silly idealTree +-- fresh@0.3.0
202 silly idealTree +-- hiredis@0.5.0
202 silly idealTree | `-- bindings@1.2.1
202 silly idealTree +-- http-errors@1.3.1
202 silly idealTree +-- iconv-lite@0.4.11
202 silly idealTree +-- inherits@2.0.3
202 silly idealTree +-- ipaddr.js@1.0.5
202 silly idealTree +-- isarray@0.0.1
202 silly idealTree +-- media-typer@0.3.0
202 silly idealTree +-- merge-descriptors@1.0.0
202 silly idealTree +-- method-override@2.3.9
202 silly idealTree | +-- debug@2.6.8
202 silly idealTree | +-- ms@2.0.0
202 silly idealTree | `-- vary@1.1.1
202 silly idealTree +-- methods@1.1.2
202 silly idealTree +-- mime-db@1.27.0
202 silly idealTree +-- mime-types@2.1.15
202 silly idealTree +-- mime@1.3.4
202 silly idealTree +-- minimist@0.0.8
202 silly idealTree +-- mkdirp@0.5.1
202 silly idealTree +-- morgan@1.6.1
202 silly idealTree +-- ms@0.7.1
202 silly idealTree +-- multiparty@3.3.2
202 silly idealTree +-- nan@2.6.2
202 silly idealTree +-- negotiator@0.5.3
202 silly idealTree +-- on-finished@2.3.0
202 silly idealTree +-- on-headers@1.0.1
202 silly idealTree +-- parseurl@1.3.1
202 silly idealTree +-- pause@0.1.0
202 silly idealTree +-- proxy-addr@1.0.10
202 silly idealTree +-- qs@4.0.0
202 silly idealTree +-- random-bytes@1.0.0
202 silly idealTree +-- range-parser@1.0.3
202 silly idealTree +-- raw-body@2.1.7
202 silly idealTree | +-- bytes@2.4.0
202 silly idealTree | `-- iconv-lite@0.4.13
202 silly idealTree +-- readable-stream@1.1.14
202 silly idealTree +-- redis@0.7.2
202 silly idealTree +-- response-time@2.3.2
202 silly idealTree | `-- depd@1.1.0
202 silly idealTree +-- rndm@1.2.0
202 silly idealTree +-- send@0.13.0
202 silly idealTree | +-- destroy@1.0.3
202 silly idealTree | `-- statuses@1.2.1
202 silly idealTree +-- serve-favicon@2.3.2
202 silly idealTree | `-- ms@0.7.2
202 silly idealTree +-- serve-index@1.7.3
202 silly idealTree | `-- escape-html@1.0.3
202 silly idealTree +-- serve-static@1.10.3
202 silly idealTree | +-- depd@1.1.0
202 silly idealTree | +-- escape-html@1.0.3
202 silly idealTree | +-- send@0.13.2
202 silly idealTree | `-- statuses@1.2.1
202 silly idealTree +-- statuses@1.3.1
202 silly idealTree +-- stream-counter@0.2.0
202 silly idealTree +-- string_decoder@0.10.31
202 silly idealTree +-- tsscmp@1.0.5
202 silly idealTree +-- type-is@1.6.15
202 silly idealTree +-- uid-safe@2.1.4
202 silly idealTree +-- unpipe@1.0.0
202 silly idealTree +-- utils-merge@1.0.0
202 silly idealTree +-- vary@1.0.1
202 silly idealTree `-- vhost@3.0.2
203 silly generateActionsToTake Starting
204 silly install generateActionsToTake
205 silly generateActionsToTake Finishing
206 silly diffTrees action count 5
207 silly diffTrees add bindings@1.2.1
208 silly diffTrees add nan@2.6.2
209 silly diffTrees add hiredis@0.5.0
210 silly diffTrees add bindings@1.0.0
211 silly diffTrees add bcrypt@0.7.3
212 silly decomposeActions action count 40
213 silly decomposeActions fetch bindings@1.2.1
214 silly decomposeActions extract bindings@1.2.1
215 silly decomposeActions test bindings@1.2.1
216 silly decomposeActions preinstall bindings@1.2.1
217 silly decomposeActions build bindings@1.2.1
218 silly decomposeActions install bindings@1.2.1
219 silly decomposeActions postinstall bindings@1.2.1
220 silly decomposeActions finalize bindings@1.2.1
221 silly decomposeActions fetch nan@2.6.2
222 silly decomposeActions extract nan@2.6.2
223 silly decomposeActions test nan@2.6.2
224 silly decomposeActions preinstall nan@2.6.2
225 silly decomposeActions build nan@2.6.2
226 silly decomposeActions install nan@2.6.2
227 silly decomposeActions postinstall nan@2.6.2
228 silly decomposeActions finalize nan@2.6.2
229 silly decomposeActions fetch hiredis@0.5.0
230 silly decomposeActions extract hiredis@0.5.0
231 silly decomposeActions test hiredis@0.5.0
232 silly decomposeActions preinstall hiredis@0.5.0
233 silly decomposeActions build hiredis@0.5.0
234 silly decomposeActions install hiredis@0.5.0
235 silly decomposeActions postinstall hiredis@0.5.0
236 silly decomposeActions finalize hiredis@0.5.0
237 silly decomposeActions fetch bindings@1.0.0
238 silly decomposeActions extract bindings@1.0.0
239 silly decomposeActions test bindings@1.0.0
240 silly decomposeActions preinstall bindings@1.0.0
241 silly decomposeActions build bindings@1.0.0
242 silly decomposeActions install bindings@1.0.0
243 silly decomposeActions postinstall bindings@1.0.0
244 silly decomposeActions finalize bindings@1.0.0
245 silly decomposeActions fetch bcrypt@0.7.3
246 silly decomposeActions extract bcrypt@0.7.3
247 silly decomposeActions test bcrypt@0.7.3
248 silly decomposeActions preinstall bcrypt@0.7.3
249 silly decomposeActions build bcrypt@0.7.3
250 silly decomposeActions install bcrypt@0.7.3
251 silly decomposeActions postinstall bcrypt@0.7.3
252 silly decomposeActions finalize bcrypt@0.7.3
253 silly runTopLevelLifecycles Starting
254 silly executeActions Starting
255 silly install executeActions
256 silly doSerial global-install 0
257 silly doParallel fetch 5
258 verbose correctMkdir C:\Users\123\AppData\Roaming\npm-cache\_locks correctMkdir not in flight; initializing
259 verbose lock using C:\Users\123\AppData\Roaming\npm-cache\_locks\staging-a0e83157fb4b56ea.lock for F:\CODE\git\reflections\node.js\node.js实战\code_Node.js\code\9\shoutbox\node_modules\.staging
260 silly doParallel extract 5
261 silly extract bindings@1.2.1
262 silly extract nan@2.6.2
263 silly extract hiredis@0.5.0
264 silly extract bindings@1.0.0
265 silly extract bcrypt@0.7.3
266 verbose unbuild node_modules\.staging\nan-947363cd
267 verbose unbuild node_modules\.staging\bindings-594c0e93
268 verbose unbuild node_modules\.staging\hiredis-68339e05
269 verbose unbuild node_modules\.staging\bindings-2163c62f
270 verbose unbuild node_modules\.staging\bcrypt-6a5ab5f8
271 silly gentlyRm F:\CODE\git\reflections\node.js\node.js实战\code_Node.js\code\9\shoutbox\node_modules\.staging\nan-947363cd is being purged from base F:\CODE\git\reflections\node.js\node.js实战\code_Node.js\code\9\shoutbox
272 verbose gentlyRm don't care about contents; nuking F:\CODE\git\reflections\node.js\node.js实战\code_Node.js\code\9\shoutbox\node_modules\.staging\nan-947363cd
273 silly gentlyRm F:\CODE\git\reflections\node.js\node.js实战\code_Node.js\code\9\shoutbox\node_modules\.staging\hiredis-68339e05 is being purged from base F:\CODE\git\reflections\node.js\node.js实战\code_Node.js\code\9\shoutbox
274 verbose gentlyRm don't care about contents; nuking F:\CODE\git\reflections\node.js\node.js实战\code_Node.js\code\9\shoutbox\node_modules\.staging\hiredis-68339e05
275 silly gentlyRm F:\CODE\git\reflections\node.js\node.js实战\code_Node.js\code\9\shoutbox\node_modules\.staging\bindings-594c0e93 is being purged from base F:\CODE\git\reflections\node.js\node.js实战\code_Node.js\code\9\shoutbox
276 verbose gentlyRm don't care about contents; nuking F:\CODE\git\reflections\node.js\node.js实战\code_Node.js\code\9\shoutbox\node_modules\.staging\bindings-594c0e93
277 silly gentlyRm F:\CODE\git\reflections\node.js\node.js实战\code_Node.js\code\9\shoutbox\node_modules\.staging\bindings-2163c62f is being purged from base F:\CODE\git\reflections\node.js\node.js实战\code_Node.js\code\9\shoutbox
278 verbose gentlyRm don't care about contents; nuking F:\CODE\git\reflections\node.js\node.js实战\code_Node.js\code\9\shoutbox\node_modules\.staging\bindings-2163c62f
279 verbose tar unpack C:\Users\123\AppData\Roaming\npm-cache\nan\2.6.2\package.tgz
280 verbose tar unpacking to F:\CODE\git\reflections\node.js\node.js实战\code_Node.js\code\9\shoutbox\node_modules\.staging\nan-947363cd
281 silly gentlyRm F:\CODE\git\reflections\node.js\node.js实战\code_Node.js\code\9\shoutbox\node_modules\.staging\nan-947363cd is being purged
282 verbose gentlyRm don't care about contents; nuking F:\CODE\git\reflections\node.js\node.js实战\code_Node.js\code\9\shoutbox\node_modules\.staging\nan-947363cd
283 verbose tar unpack C:\Users\123\AppData\Roaming\npm-cache\hiredis\0.5.0\package.tgz
284 verbose tar unpacking to F:\CODE\git\reflections\node.js\node.js实战\code_Node.js\code\9\shoutbox\node_modules\.staging\hiredis-68339e05
285 silly gentlyRm F:\CODE\git\reflections\node.js\node.js实战\code_Node.js\code\9\shoutbox\node_modules\.staging\hiredis-68339e05 is being purged
286 verbose gentlyRm don't care about contents; nuking F:\CODE\git\reflections\node.js\node.js实战\code_Node.js\code\9\shoutbox\node_modules\.staging\hiredis-68339e05
287 verbose tar unpack C:\Users\123\AppData\Roaming\npm-cache\bindings\1.2.1\package.tgz
288 verbose tar unpacking to F:\CODE\git\reflections\node.js\node.js实战\code_Node.js\code\9\shoutbox\node_modules\.staging\bindings-594c0e93
289 silly gentlyRm F:\CODE\git\reflections\node.js\node.js实战\code_Node.js\code\9\shoutbox\node_modules\.staging\bindings-594c0e93 is being purged
290 verbose gentlyRm don't care about contents; nuking F:\CODE\git\reflections\node.js\node.js实战\code_Node.js\code\9\shoutbox\node_modules\.staging\bindings-594c0e93
291 silly gentlyRm F:\CODE\git\reflections\node.js\node.js实战\code_Node.js\code\9\shoutbox\node_modules\.staging\bcrypt-6a5ab5f8 is being purged from base F:\CODE\git\reflections\node.js\node.js实战\code_Node.js\code\9\shoutbox
292 verbose gentlyRm don't care about contents; nuking F:\CODE\git\reflections\node.js\node.js实战\code_Node.js\code\9\shoutbox\node_modules\.staging\bcrypt-6a5ab5f8
293 verbose tar unpack C:\Users\123\AppData\Roaming\npm-cache\bindings\1.0.0\package.tgz
294 verbose tar unpacking to F:\CODE\git\reflections\node.js\node.js实战\code_Node.js\code\9\shoutbox\node_modules\.staging\bindings-2163c62f
295 silly gentlyRm F:\CODE\git\reflections\node.js\node.js实战\code_Node.js\code\9\shoutbox\node_modules\.staging\bindings-2163c62f is being purged
296 verbose gentlyRm don't care about contents; nuking F:\CODE\git\reflections\node.js\node.js实战\code_Node.js\code\9\shoutbox\node_modules\.staging\bindings-2163c62f
297 silly gunzTarPerm modes [ '777', '666' ]
298 silly gunzTarPerm modes [ '777', '666' ]
299 silly gunzTarPerm modes [ '777', '666' ]
300 verbose tar unpack C:\Users\123\AppData\Roaming\npm-cache\bcrypt\0.7.3\package.tgz
301 verbose tar unpacking to F:\CODE\git\reflections\node.js\node.js实战\code_Node.js\code\9\shoutbox\node_modules\.staging\bcrypt-6a5ab5f8
302 silly gentlyRm F:\CODE\git\reflections\node.js\node.js实战\code_Node.js\code\9\shoutbox\node_modules\.staging\bcrypt-6a5ab5f8 is being purged
303 verbose gentlyRm don't care about contents; nuking F:\CODE\git\reflections\node.js\node.js实战\code_Node.js\code\9\shoutbox\node_modules\.staging\bcrypt-6a5ab5f8
304 silly gunzTarPerm modes [ '777', '666' ]
305 silly gunzTarPerm modes [ '777', '666' ]
306 silly gunzTarPerm extractEntry package.json
307 silly gunzTarPerm modified mode [ 'package.json', 436, 438 ]
308 silly gunzTarPerm extractEntry package.json
309 silly gunzTarPerm modified mode [ 'package.json', 420, 438 ]
310 silly gunzTarPerm extractEntry package.json
311 silly gunzTarPerm modified mode [ 'package.json', 420, 438 ]
312 silly gunzTarPerm extractEntry package.json
313 silly gunzTarPerm modified mode [ 'package.json', 420, 438 ]
314 silly gunzTarPerm extractEntry package.json
315 silly gunzTarPerm modified mode [ 'package.json', 420, 438 ]
316 silly gunzTarPerm extractEntry .npmignore
317 silly gunzTarPerm modified mode [ '.npmignore', 420, 438 ]
318 silly gunzTarPerm extractEntry README.md
319 silly gunzTarPerm modified mode [ 'README.md', 420, 438 ]
320 silly gunzTarPerm extractEntry README.md
321 silly gunzTarPerm modified mode [ 'README.md', 436, 438 ]
322 silly gunzTarPerm extractEntry README.md
323 silly gunzTarPerm modified mode [ 'README.md', 420, 438 ]
324 silly gunzTarPerm extractEntry bindings.js
325 silly gunzTarPerm modified mode [ 'bindings.js', 420, 438 ]
326 silly gunzTarPerm extractEntry README.md
327 silly gunzTarPerm modified mode [ 'README.md', 420, 438 ]
328 silly gunzTarPerm extractEntry bindings.js
329 silly gunzTarPerm modified mode [ 'bindings.js', 420, 438 ]
330 silly gunzTarPerm extractEntry include_dirs.js
331 silly gunzTarPerm modified mode [ 'include_dirs.js', 436, 438 ]
332 silly gunzTarPerm extractEntry .npmignore
333 silly gunzTarPerm modified mode [ '.npmignore', 420, 438 ]
334 silly gunzTarPerm extractEntry README.md
335 silly gunzTarPerm modified mode [ 'README.md', 420, 438 ]
336 silly gunzTarPerm extractEntry bench.js
337 silly gunzTarPerm modified mode [ 'bench.js', 420, 438 ]
338 silly gunzTarPerm extractEntry hiredis.js
339 silly gunzTarPerm modified mode [ 'hiredis.js', 420, 438 ]
340 silly gunzTarPerm extractEntry nan_converters_43_inl.h
341 silly gunzTarPerm modified mode [ 'nan_converters_43_inl.h', 436, 438 ]
342 silly gunzTarPerm extractEntry LICENSE.md
343 silly gunzTarPerm modified mode [ 'LICENSE.md', 436, 438 ]
344 silly gunzTarPerm extractEntry doc/new.md
345 silly gunzTarPerm modified mode [ 'doc/new.md', 436, 438 ]
346 silly gunzTarPerm extractEntry LICENSE
347 silly gunzTarPerm modified mode [ 'LICENSE', 420, 438 ]
348 silly gunzTarPerm extractEntry bcrypt.js
349 silly gunzTarPerm modified mode [ 'bcrypt.js', 420, 438 ]
350 silly gunzTarPerm extractEntry doc/asyncworker.md
351 silly gunzTarPerm modified mode [ 'doc/asyncworker.md', 436, 438 ]
352 silly gunzTarPerm extractEntry COPYING
353 silly gunzTarPerm modified mode [ 'COPYING', 420, 438 ]
354 silly gunzTarPerm extractEntry Makefile
355 silly gunzTarPerm modified mode [ 'Makefile', 420, 438 ]
356 silly gunzTarPerm extractEntry .travis.yml
357 silly gunzTarPerm modified mode [ '.travis.yml', 420, 438 ]
358 silly gunzTarPerm extractEntry appveyor.yml
359 silly gunzTarPerm modified mode [ 'appveyor.yml', 420, 438 ]
360 silly gunzTarPerm extractEntry .gitmodules
361 silly gunzTarPerm modified mode [ '.gitmodules', 420, 438 ]
362 silly gunzTarPerm extractEntry doc/callback.md
363 silly gunzTarPerm modified mode [ 'doc/callback.md', 436, 438 ]
364 silly gunzTarPerm extractEntry doc/converters.md
365 silly gunzTarPerm modified mode [ 'doc/converters.md', 436, 438 ]
366 silly gunzTarPerm extractEntry binding.gyp
367 silly gunzTarPerm modified mode [ 'binding.gyp', 420, 438 ]
368 silly gunzTarPerm extractEntry doc/errors.md
369 silly gunzTarPerm modified mode [ 'doc/errors.md', 436, 438 ]
370 silly gunzTarPerm extractEntry doc/json.md
371 silly gunzTarPerm modified mode [ 'doc/json.md', 436, 438 ]
372 silly gunzTarPerm extractEntry src/node_blf.h
373 silly gunzTarPerm modified mode [ 'src/node_blf.h', 420, 438 ]
374 silly gunzTarPerm extractEntry src/bcrypt.cc
375 silly gunzTarPerm modified mode [ 'src/bcrypt.cc', 420, 438 ]
376 silly gunzTarPerm extractEntry doc/maybe_types.md
377 silly gunzTarPerm modified mode [ 'doc/maybe_types.md', 436, 438 ]
378 silly gunzTarPerm extractEntry doc/methods.md
379 silly gunzTarPerm modified mode [ 'doc/methods.md', 436, 438 ]
380 silly gunzTarPerm extractEntry deps/hiredis/.npmignore
381 silly gunzTarPerm modified mode [ 'deps/hiredis/.npmignore', 420, 438 ]
382 silly gunzTarPerm extractEntry deps/hiredis/README.md
383 silly gunzTarPerm modified mode [ 'deps/hiredis/README.md', 420, 438 ]
384 silly gunzTarPerm extractEntry doc/buffers.md
385 silly gunzTarPerm modified mode [ 'doc/buffers.md', 436, 438 ]
386 silly gunzTarPerm extractEntry doc/node_misc.md
387 silly gunzTarPerm modified mode [ 'doc/node_misc.md', 436, 438 ]
388 silly gunzTarPerm extractEntry src/bcrypt_node.cc
389 silly gunzTarPerm modified mode [ 'src/bcrypt_node.cc', 420, 438 ]
390 silly gunzTarPerm extractEntry src/blowfish.cc
391 silly gunzTarPerm modified mode [ 'src/blowfish.cc', 420, 438 ]
392 silly gunzTarPerm extractEntry doc/object_wrappers.md
393 silly gunzTarPerm modified mode [ 'doc/object_wrappers.md', 436, 438 ]
394 silly gunzTarPerm extractEntry doc/persistent.md
395 silly gunzTarPerm modified mode [ 'doc/persistent.md', 436, 438 ]
396 silly gunzTarPerm extractEntry deps/hiredis/CHANGELOG.md
397 silly gunzTarPerm modified mode [ 'deps/hiredis/CHANGELOG.md', 420, 438 ]
398 silly gunzTarPerm extractEntry deps/hiredis/COPYING
399 silly gunzTarPerm modified mode [ 'deps/hiredis/COPYING', 420, 438 ]
400 silly gentlyRm F:\CODE\git\reflections\node.js\node.js实战\code_Node.js\code\9\shoutbox\node_modules\.staging\bindings-2163c62f\node_modules is being purged
401 verbose gentlyRm don't care about contents; nuking F:\CODE\git\reflections\node.js\node.js实战\code_Node.js\code\9\shoutbox\node_modules\.staging\bindings-2163c62f\node_modules
402 silly gunzTarPerm extractEntry deps/hiredis/Makefile
403 silly gunzTarPerm modified mode [ 'deps/hiredis/Makefile', 420, 438 ]
404 silly gunzTarPerm extractEntry deps/hiredis/win32.h
405 silly gunzTarPerm modified mode [ 'deps/hiredis/win32.h', 420, 438 ]
406 silly gunzTarPerm extractEntry examples/async_compare.js
407 silly gunzTarPerm modified mode [ 'examples/async_compare.js', 420, 438 ]
408 silly gunzTarPerm extractEntry examples/forever_gen_salt.js
409 silly gunzTarPerm modified mode [ 'examples/forever_gen_salt.js', 420, 438 ]
410 silly gunzTarPerm extractEntry deps/hiredis/adapters/ae.h
411 silly gunzTarPerm modified mode [ 'deps/hiredis/adapters/ae.h', 420, 438 ]
412 silly gunzTarPerm extractEntry deps/hiredis/adapters/glib.h
413 silly gunzTarPerm modified mode [ 'deps/hiredis/adapters/glib.h', 420, 438 ]
414 silly gunzTarPerm extractEntry doc/scopes.md
415 silly gunzTarPerm modified mode [ 'doc/scopes.md', 436, 438 ]
416 silly gunzTarPerm extractEntry doc/script.md
417 silly gunzTarPerm modified mode [ 'doc/script.md', 436, 438 ]
418 silly gunzTarPerm extractEntry doc/string_bytes.md
419 silly gunzTarPerm modified mode [ 'doc/string_bytes.md', 436, 438 ]
420 silly gunzTarPerm extractEntry doc/v8_internals.md
421 silly gunzTarPerm modified mode [ 'doc/v8_internals.md', 436, 438 ]
422 silly gunzTarPerm extractEntry wscript
423 silly gunzTarPerm modified mode [ 'wscript', 420, 438 ]
424 silly gunzTarPerm extractEntry CHANGELOG
425 silly gunzTarPerm modified mode [ 'CHANGELOG', 420, 438 ]
426 silly gunzTarPerm extractEntry deps/hiredis/adapters/libev.h
427 silly gunzTarPerm modified mode [ 'deps/hiredis/adapters/libev.h', 420, 438 ]
428 silly gunzTarPerm extractEntry deps/hiredis/adapters/libevent.h
429 silly gunzTarPerm modified mode [ 'deps/hiredis/adapters/libevent.h', 420, 438 ]
430 silly gunzTarPerm extractEntry doc/v8_misc.md
431 silly gunzTarPerm modified mode [ 'doc/v8_misc.md', 436, 438 ]
432 silly gunzTarPerm extractEntry nan.h
433 silly gunzTarPerm modified mode [ 'nan.h', 436, 438 ]
434 silly gunzTarPerm extractEntry Makefile
435 silly gunzTarPerm modified mode [ 'Makefile', 420, 438 ]
436 silly gunzTarPerm extractEntry binding.gyp
437 silly gunzTarPerm modified mode [ 'binding.gyp', 420, 438 ]
438 silly gunzTarPerm extractEntry nan_callbacks.h
439 silly gunzTarPerm modified mode [ 'nan_callbacks.h', 436, 438 ]
440 silly gunzTarPerm extractEntry deps/hiredis/adapters/libuv.h
441 silly gunzTarPerm modified mode [ 'deps/hiredis/adapters/libuv.h', 420, 438 ]
442 silly gunzTarPerm extractEntry deps/hiredis/async.c
443 silly gunzTarPerm modified mode [ 'deps/hiredis/async.c', 420, 438 ]
444 silly gunzTarPerm extractEntry test/async.js
445 silly gunzTarPerm modified mode [ 'test/async.js', 420, 438 ]
446 silly gunzTarPerm extractEntry test/repetitions.js
447 silly gunzTarPerm modified mode [ 'test/repetitions.js', 420, 438 ]
448 silly gunzTarPerm extractEntry deps/hiredis/async.h
449 silly gunzTarPerm modified mode [ 'deps/hiredis/async.h', 420, 438 ]
450 silly gunzTarPerm extractEntry deps/hiredis/dict.c
451 silly gunzTarPerm modified mode [ 'deps/hiredis/dict.c', 420, 438 ]
452 silly gunzTarPerm extractEntry deps/hiredis/dict.h
453 silly gunzTarPerm modified mode [ 'deps/hiredis/dict.h', 420, 438 ]
454 silly gentlyRm F:\CODE\git\reflections\node.js\node.js实战\code_Node.js\code\9\shoutbox\node_modules\.staging\bindings-594c0e93\node_modules is being purged
455 verbose gentlyRm don't care about contents; nuking F:\CODE\git\reflections\node.js\node.js实战\code_Node.js\code\9\shoutbox\node_modules\.staging\bindings-594c0e93\node_modules
456 silly gunzTarPerm extractEntry nan_callbacks_12_inl.h
457 silly gunzTarPerm modified mode [ 'nan_callbacks_12_inl.h', 436, 438 ]
458 silly gunzTarPerm extractEntry nan_callbacks_pre_12_inl.h
459 silly gunzTarPerm modified mode [ 'nan_callbacks_pre_12_inl.h', 436, 438 ]
460 silly gunzTarPerm extractEntry nan_converters.h
461 silly gunzTarPerm modified mode [ 'nan_converters.h', 436, 438 ]
462 silly gunzTarPerm extractEntry nan_converters_pre_43_inl.h
463 silly gunzTarPerm modified mode [ 'nan_converters_pre_43_inl.h', 436, 438 ]
464 silly gunzTarPerm extractEntry test/sync.js
465 silly gunzTarPerm modified mode [ 'test/sync.js', 420, 438 ]
466 silly gunzTarPerm extractEntry test/deprecated.js
467 silly gunzTarPerm modified mode [ 'test/deprecated.js', 420, 438 ]
468 silly gunzTarPerm extractEntry deps/hiredis/.travis.yml
469 silly gunzTarPerm modified mode [ 'deps/hiredis/.travis.yml', 420, 438 ]
470 silly gunzTarPerm extractEntry deps/hiredis/fmacros.h
471 silly gunzTarPerm modified mode [ 'deps/hiredis/fmacros.h', 420, 438 ]
472 silly gunzTarPerm extractEntry deps/hiredis/hiredis.c
473 silly gunzTarPerm modified mode [ 'deps/hiredis/hiredis.c', 420, 438 ]
474 silly gunzTarPerm extractEntry deps/hiredis/hiredis.h
475 silly gunzTarPerm modified mode [ 'deps/hiredis/hiredis.h', 420, 438 ]
476 silly gunzTarPerm extractEntry nan_implementation_12_inl.h
477 silly gunzTarPerm modified mode [ 'nan_implementation_12_inl.h', 436, 438 ]
478 silly gunzTarPerm extractEntry nan_implementation_pre_12_inl.h
479 silly gunzTarPerm modified mode [ 'nan_implementation_pre_12_inl.h', 436, 438 ]
480 silly gunzTarPerm extractEntry nan_json.h
481 silly gunzTarPerm modified mode [ 'nan_json.h', 436, 438 ]
482 silly gunzTarPerm extractEntry nan_maybe_43_inl.h
483 silly gunzTarPerm modified mode [ 'nan_maybe_43_inl.h', 436, 438 ]
484 silly gunzTarPerm extractEntry deps/hiredis/net.c
485 silly gunzTarPerm modified mode [ 'deps/hiredis/net.c', 420, 438 ]
486 silly gunzTarPerm extractEntry deps/hiredis/net.h
487 silly gunzTarPerm modified mode [ 'deps/hiredis/net.h', 420, 438 ]
488 silly gunzTarPerm extractEntry nan_maybe_pre_43_inl.h
489 silly gunzTarPerm modified mode [ 'nan_maybe_pre_43_inl.h', 436, 438 ]
490 silly gunzTarPerm extractEntry nan_new.h
491 silly gunzTarPerm modified mode [ 'nan_new.h', 436, 438 ]
492 silly gunzTarPerm extractEntry deps/hiredis/read.c
493 silly gunzTarPerm modified mode [ 'deps/hiredis/read.c', 420, 438 ]
494 silly gunzTarPerm extractEntry deps/hiredis/read.h
495 silly gunzTarPerm modified mode [ 'deps/hiredis/read.h', 420, 438 ]
496 silly gunzTarPerm extractEntry nan_object_wrap.h
497 silly gunzTarPerm modified mode [ 'nan_object_wrap.h', 436, 438 ]
498 silly gunzTarPerm extractEntry nan_persistent_12_inl.h
499 silly gunzTarPerm modified mode [ 'nan_persistent_12_inl.h', 436, 438 ]
500 silly gunzTarPerm extractEntry nan_persistent_pre_12_inl.h
501 silly gunzTarPerm modified mode [ 'nan_persistent_pre_12_inl.h', 436, 438 ]
502 silly gunzTarPerm extractEntry nan_private.h
503 silly gunzTarPerm modified mode [ 'nan_private.h', 436, 438 ]
504 silly gunzTarPerm extractEntry deps/hiredis/sds.c
505 silly gunzTarPerm modified mode [ 'deps/hiredis/sds.c', 420, 438 ]
506 silly gunzTarPerm extractEntry deps/hiredis/sds.h
507 silly gunzTarPerm modified mode [ 'deps/hiredis/sds.h', 420, 438 ]
508 silly gunzTarPerm extractEntry deps/hiredis/test.c
509 silly gunzTarPerm modified mode [ 'deps/hiredis/test.c', 420, 438 ]
510 silly gunzTarPerm extractEntry deps/hiredis/examples/example-ae.c
511 silly gunzTarPerm modified mode [ 'deps/hiredis/examples/example-ae.c', 420, 438 ]
512 silly gunzTarPerm extractEntry deps/hiredis/examples/example-glib.c
513 silly gunzTarPerm modified mode [ 'deps/hiredis/examples/example-glib.c', 420, 438 ]
514 silly gunzTarPerm extractEntry deps/hiredis/examples/example-libev.c
515 silly gunzTarPerm modified mode [ 'deps/hiredis/examples/example-libev.c', 420, 438 ]
516 silly gunzTarPerm extractEntry nan_string_bytes.h
517 silly gunzTarPerm modified mode [ 'nan_string_bytes.h', 436, 438 ]
518 silly gunzTarPerm extractEntry nan_typedarray_contents.h
519 silly gunzTarPerm modified mode [ 'nan_typedarray_contents.h', 436, 438 ]
520 silly gunzTarPerm extractEntry deps/hiredis/examples/example-libevent.c
521 silly gunzTarPerm modified mode [ 'deps/hiredis/examples/example-libevent.c', 420, 438 ]
522 silly gunzTarPerm extractEntry deps/hiredis/examples/example-libuv.c
523 silly gunzTarPerm modified mode [ 'deps/hiredis/examples/example-libuv.c', 420, 438 ]
524 silly gunzTarPerm extractEntry nan_weak.h
525 silly gunzTarPerm modified mode [ 'nan_weak.h', 436, 438 ]
526 silly gunzTarPerm extractEntry CHANGELOG.md
527 silly gunzTarPerm modified mode [ 'CHANGELOG.md', 436, 438 ]
528 silly gunzTarPerm extractEntry tools/package.json
529 silly gunzTarPerm modified mode [ 'tools/package.json', 436, 438 ]
530 silly gunzTarPerm extractEntry tools/README.md
531 silly gunzTarPerm modified mode [ 'tools/README.md', 436, 438 ]
532 silly gunzTarPerm extractEntry deps/hiredis/examples/example.c
533 silly gunzTarPerm modified mode [ 'deps/hiredis/examples/example.c', 420, 438 ]
534 silly gunzTarPerm extractEntry deps/hiredis.gyp
535 silly gunzTarPerm modified mode [ 'deps/hiredis.gyp', 420, 438 ]
536 silly gunzTarPerm extractEntry tools/1to2.js
537 silly gunzTarPerm modified mode [ 'tools/1to2.js', 509, 511 ]
538 silly gunzTarPerm extractEntry .travis.yml
539 silly gunzTarPerm modified mode [ '.travis.yml', 420, 438 ]
540 silly gunzTarPerm extractEntry src/hiredis.cc
541 silly gunzTarPerm modified mode [ 'src/hiredis.cc', 420, 438 ]
542 silly gunzTarPerm extractEntry src/reader.cc
543 silly gunzTarPerm modified mode [ 'src/reader.cc', 420, 438 ]
544 silly gunzTarPerm extractEntry src/reader.h
545 silly gunzTarPerm modified mode [ 'src/reader.h', 420, 438 ]
546 silly gunzTarPerm extractEntry CHANGELOG.md
547 silly gunzTarPerm modified mode [ 'CHANGELOG.md', 420, 438 ]
548 silly gunzTarPerm extractEntry test/reader.js
549 silly gunzTarPerm modified mode [ 'test/reader.js', 420, 438 ]
550 silly gunzTarPerm extractEntry test/testlib.js
551 silly gunzTarPerm modified mode [ 'test/testlib.js', 420, 438 ]
552 silly gunzTarPerm extractEntry test/writer.js
553 silly gunzTarPerm modified mode [ 'test/writer.js', 420, 438 ]
554 silly gentlyRm F:\CODE\git\reflections\node.js\node.js实战\code_Node.js\code\9\shoutbox\node_modules\.staging\bcrypt-6a5ab5f8\node_modules is being purged
555 verbose gentlyRm don't care about contents; nuking F:\CODE\git\reflections\node.js\node.js实战\code_Node.js\code\9\shoutbox\node_modules\.staging\bcrypt-6a5ab5f8\node_modules
556 silly gentlyRm F:\CODE\git\reflections\node.js\node.js实战\code_Node.js\code\9\shoutbox\node_modules\.staging\nan-947363cd\node_modules is being purged
557 verbose gentlyRm don't care about contents; nuking F:\CODE\git\reflections\node.js\node.js实战\code_Node.js\code\9\shoutbox\node_modules\.staging\nan-947363cd\node_modules
558 silly gentlyRm F:\CODE\git\reflections\node.js\node.js实战\code_Node.js\code\9\shoutbox\node_modules\.staging\hiredis-68339e05\node_modules is being purged
559 verbose gentlyRm don't care about contents; nuking F:\CODE\git\reflections\node.js\node.js实战\code_Node.js\code\9\shoutbox\node_modules\.staging\hiredis-68339e05\node_modules
560 silly doParallel preinstall 5
561 silly preinstall bindings@1.2.1 F:\CODE\git\reflections\node.js\node.js实战\code_Node.js\code\9\shoutbox\node_modules\.staging\bindings-594c0e93
562 info lifecycle bindings@1.2.1~preinstall: bindings@1.2.1
563 silly preinstall nan@2.6.2 F:\CODE\git\reflections\node.js\node.js实战\code_Node.js\code\9\shoutbox\node_modules\.staging\nan-947363cd
564 info lifecycle nan@2.6.2~preinstall: nan@2.6.2
565 silly preinstall hiredis@0.5.0 F:\CODE\git\reflections\node.js\node.js实战\code_Node.js\code\9\shoutbox\node_modules\.staging\hiredis-68339e05
566 info lifecycle hiredis@0.5.0~preinstall: hiredis@0.5.0
567 silly preinstall bindings@1.0.0 F:\CODE\git\reflections\node.js\node.js实战\code_Node.js\code\9\shoutbox\node_modules\.staging\bindings-2163c62f
568 info lifecycle bindings@1.0.0~preinstall: bindings@1.0.0
569 silly preinstall bcrypt@0.7.3 F:\CODE\git\reflections\node.js\node.js实战\code_Node.js\code\9\shoutbox\node_modules\.staging\bcrypt-6a5ab5f8
570 info lifecycle bcrypt@0.7.3~preinstall: bcrypt@0.7.3
571 silly lifecycle bindings@1.2.1~preinstall: no script for preinstall, continuing
572 silly lifecycle nan@2.6.2~preinstall: no script for preinstall, continuing
573 silly lifecycle hiredis@0.5.0~preinstall: no script for preinstall, continuing
574 silly lifecycle bindings@1.0.0~preinstall: no script for preinstall, continuing
575 silly lifecycle bcrypt@0.7.3~preinstall: no script for preinstall, continuing
576 silly doReverseSerial remove 0
577 silly doSerial move 0
578 silly doSerial finalize 5
579 silly finalize F:\CODE\git\reflections\node.js\node.js实战\code_Node.js\code\9\shoutbox\node_modules\hiredis\node_modules\bindings
580 silly finalize F:\CODE\git\reflections\node.js\node.js实战\code_Node.js\code\9\shoutbox\node_modules\nan
581 silly finalize F:\CODE\git\reflections\node.js\node.js实战\code_Node.js\code\9\shoutbox\node_modules\hiredis
582 silly finalize F:\CODE\git\reflections\node.js\node.js实战\code_Node.js\code\9\shoutbox\node_modules\bindings
583 silly finalize F:\CODE\git\reflections\node.js\node.js实战\code_Node.js\code\9\shoutbox\node_modules\bcrypt
584 silly doSerial build 5
585 silly build bindings@1.2.1
586 info linkStuff bindings@1.2.1
587 silly linkStuff bindings@1.2.1 has F:\CODE\git\reflections\node.js\node.js实战\code_Node.js\code\9\shoutbox\node_modules\hiredis\node_modules as its parent node_modules
588 verbose linkBins bindings@1.2.1
589 verbose linkMans bindings@1.2.1
590 silly build nan@2.6.2
591 info linkStuff nan@2.6.2
592 silly linkStuff nan@2.6.2 has F:\CODE\git\reflections\node.js\node.js实战\code_Node.js\code\9\shoutbox\node_modules as its parent node_modules
593 verbose linkBins nan@2.6.2
594 verbose linkMans nan@2.6.2
595 silly build hiredis@0.5.0
596 info linkStuff hiredis@0.5.0
597 silly linkStuff hiredis@0.5.0 has F:\CODE\git\reflections\node.js\node.js实战\code_Node.js\code\9\shoutbox\node_modules as its parent node_modules
598 verbose linkBins hiredis@0.5.0
599 verbose linkMans hiredis@0.5.0
600 silly build bindings@1.0.0
601 info linkStuff bindings@1.0.0
602 silly linkStuff bindings@1.0.0 has F:\CODE\git\reflections\node.js\node.js实战\code_Node.js\code\9\shoutbox\node_modules as its parent node_modules
603 verbose linkBins bindings@1.0.0
604 verbose linkMans bindings@1.0.0
605 silly build bcrypt@0.7.3
606 info linkStuff bcrypt@0.7.3
607 silly linkStuff bcrypt@0.7.3 has F:\CODE\git\reflections\node.js\node.js实战\code_Node.js\code\9\shoutbox\node_modules as its parent node_modules
608 verbose linkBins bcrypt@0.7.3
609 verbose linkMans bcrypt@0.7.3
610 silly doSerial global-link 0
611 silly doParallel update-linked 0
612 silly doSerial install 5
613 silly install bindings@1.2.1 F:\CODE\git\reflections\node.js\node.js实战\code_Node.js\code\9\shoutbox\node_modules\.staging\bindings-594c0e93
614 info lifecycle bindings@1.2.1~install: bindings@1.2.1
615 silly lifecycle bindings@1.2.1~install: no script for install, continuing
616 silly install nan@2.6.2 F:\CODE\git\reflections\node.js\node.js实战\code_Node.js\code\9\shoutbox\node_modules\.staging\nan-947363cd
617 info lifecycle nan@2.6.2~install: nan@2.6.2
618 silly lifecycle nan@2.6.2~install: no script for install, continuing
619 silly install hiredis@0.5.0 F:\CODE\git\reflections\node.js\node.js实战\code_Node.js\code\9\shoutbox\node_modules\.staging\hiredis-68339e05
620 info lifecycle hiredis@0.5.0~install: hiredis@0.5.0
621 verbose lifecycle hiredis@0.5.0~install: unsafe-perm in lifecycle true
622 verbose lifecycle hiredis@0.5.0~install: PATH: F:\applications\node_modules\npm\bin\node-gyp-bin;F:\CODE\git\reflections\node.js\node.js实战\code_Node.js\code\9\shoutbox\node_modules\hiredis\node_modules\.bin;F:\CODE\git\reflections\node.js\node.js实战\code_Node.js\code\9\shoutbox\node_modules\.bin;F:\CODE\Dev-Cpp\MinGW64\bin\;C:\Program Files (x86)\Intel\iCLS Client\;C:\Program Files\Intel\iCLS Client\;C:\Windows\system32;C:\Windows;C:\Windows\System32\Wbem;C:\Windows\System32\WindowsPowerShell\v1.0\;C:\Program Files (x86)\Intel\Intel(R) Management Engine Components\DAL;C:\Program Files\Intel\Intel(R) Management Engine Components\DAL;C:\Program Files (x86)\Intel\Intel(R) Management Engine Components\IPT;C:\Program Files\Intel\Intel(R) Management Engine Components\IPT;C:\Program Files (x86)\NVIDIA Corporation\PhysX\Common;C:\Program Files\Intel\WiFi\bin\;C:\Program Files\Common Files\Intel\WirelessCommon\;E:\Program Files\VS\VC\bin;D:\Applications;C:\WINDOWS\system32;C:\WINDOWS;C:\WINDOWS\System32\Wbem;C:\WINDOWS\System32\WindowsPowerShell\v1.0\;D:\Applications\Sublime Text 3;C:\Program Files (x86)\Java\jre6\bin;F:\applications\Git\cmd;F:\applications\LLVM\bin;F:\applications\cmder;F:\applications\;F:\applications;C:\Users\123\AppData\Local\Microsoft\WindowsApps;;F:\奇怪的软件们\Microsoft VS Code\bin;C:\Users\123\AppData\Roaming\npm
623 verbose lifecycle hiredis@0.5.0~install: CWD: F:\CODE\git\reflections\node.js\node.js实战\code_Node.js\code\9\shoutbox\node_modules\hiredis
624 silly lifecycle hiredis@0.5.0~install: Args: [ '/d /s /c', 'node-gyp rebuild' ]
625 silly lifecycle hiredis@0.5.0~install: Returned: code: 1  signal: null
626 info lifecycle hiredis@0.5.0~install: Failed to exec install script
627 silly install bindings@1.0.0 F:\CODE\git\reflections\node.js\node.js实战\code_Node.js\code\9\shoutbox\node_modules\.staging\bindings-2163c62f
628 info lifecycle bindings@1.0.0~install: bindings@1.0.0
629 silly lifecycle bindings@1.0.0~install: no script for install, continuing
630 silly install bcrypt@0.7.3 F:\CODE\git\reflections\node.js\node.js实战\code_Node.js\code\9\shoutbox\node_modules\.staging\bcrypt-6a5ab5f8
631 info lifecycle bcrypt@0.7.3~install: bcrypt@0.7.3
632 verbose lifecycle bcrypt@0.7.3~install: unsafe-perm in lifecycle true
633 verbose lifecycle bcrypt@0.7.3~install: PATH: F:\applications\node_modules\npm\bin\node-gyp-bin;F:\CODE\git\reflections\node.js\node.js实战\code_Node.js\code\9\shoutbox\node_modules\bcrypt\node_modules\.bin;F:\CODE\git\reflections\node.js\node.js实战\code_Node.js\code\9\shoutbox\node_modules\.bin;F:\CODE\Dev-Cpp\MinGW64\bin\;C:\Program Files (x86)\Intel\iCLS Client\;C:\Program Files\Intel\iCLS Client\;C:\Windows\system32;C:\Windows;C:\Windows\System32\Wbem;C:\Windows\System32\WindowsPowerShell\v1.0\;C:\Program Files (x86)\Intel\Intel(R) Management Engine Components\DAL;C:\Program Files\Intel\Intel(R) Management Engine Components\DAL;C:\Program Files (x86)\Intel\Intel(R) Management Engine Components\IPT;C:\Program Files\Intel\Intel(R) Management Engine Components\IPT;C:\Program Files (x86)\NVIDIA Corporation\PhysX\Common;C:\Program Files\Intel\WiFi\bin\;C:\Program Files\Common Files\Intel\WirelessCommon\;E:\Program Files\VS\VC\bin;D:\Applications;C:\WINDOWS\system32;C:\WINDOWS;C:\WINDOWS\System32\Wbem;C:\WINDOWS\System32\WindowsPowerShell\v1.0\;D:\Applications\Sublime Text 3;C:\Program Files (x86)\Java\jre6\bin;F:\applications\Git\cmd;F:\applications\LLVM\bin;F:\applications\cmder;F:\applications\;F:\applications;C:\Users\123\AppData\Local\Microsoft\WindowsApps;;F:\奇怪的软件们\Microsoft VS Code\bin;C:\Users\123\AppData\Roaming\npm
634 verbose lifecycle bcrypt@0.7.3~install: CWD: F:\CODE\git\reflections\node.js\node.js实战\code_Node.js\code\9\shoutbox\node_modules\bcrypt
635 silly lifecycle bcrypt@0.7.3~install: Args: [ '/d /s /c', 'node-gyp rebuild' ]
636 silly lifecycle bcrypt@0.7.3~install: Returned: code: 1  signal: null
637 info lifecycle bcrypt@0.7.3~install: Failed to exec install script
638 verbose unlock done using C:\Users\123\AppData\Roaming\npm-cache\_locks\staging-a0e83157fb4b56ea.lock for F:\CODE\git\reflections\node.js\node.js实战\code_Node.js\code\9\shoutbox\node_modules\.staging
639 silly rollbackFailedOptional Starting
640 silly rollbackFailedOptional Finishing
641 silly runTopLevelLifecycles Finishing
642 silly install printInstalled
643 warn optional SKIPPING OPTIONAL DEPENDENCY: hiredis@0.5.0 (node_modules\hiredis):
644 warn optional SKIPPING OPTIONAL DEPENDENCY: hiredis@0.5.0 install: `node-gyp rebuild`
644 warn optional SKIPPING OPTIONAL DEPENDENCY: Exit status 1
645 verbose optional SKIPPING OPTIONAL DEPENDENCY:
645 verbose optional Failed at the hiredis@0.5.0 install script 'node-gyp rebuild'.
645 verbose optional SKIPPING OPTIONAL DEPENDENCY: Make sure you have the latest version of node.js and npm installed.
645 verbose optional SKIPPING OPTIONAL DEPENDENCY: If you do, this is most likely a problem with the hiredis package,
645 verbose optional SKIPPING OPTIONAL DEPENDENCY: not with npm itself.
645 verbose optional SKIPPING OPTIONAL DEPENDENCY: Tell the author that this fails on your system:
645 verbose optional SKIPPING OPTIONAL DEPENDENCY:     node-gyp rebuild
645 verbose optional SKIPPING OPTIONAL DEPENDENCY: You can get information on how to open an issue for this project with:
645 verbose optional SKIPPING OPTIONAL DEPENDENCY:     npm bugs hiredis
645 verbose optional SKIPPING OPTIONAL DEPENDENCY: Or if that isn't available, you can get their info via:
645 verbose optional SKIPPING OPTIONAL DEPENDENCY:     npm owner ls hiredis
645 verbose optional SKIPPING OPTIONAL DEPENDENCY: There is likely additional logging output above.
646 verbose stack Error: bcrypt@0.7.3 install: `node-gyp rebuild`
646 verbose stack Exit status 1
646 verbose stack     at EventEmitter.<anonymous> (F:\applications\node_modules\npm\lib\utils\lifecycle.js:255:16)
646 verbose stack     at emitTwo (events.js:106:13)
646 verbose stack     at EventEmitter.emit (events.js:191:7)
646 verbose stack     at ChildProcess.<anonymous> (F:\applications\node_modules\npm\lib\utils\spawn.js:40:14)
646 verbose stack     at emitTwo (events.js:106:13)
646 verbose stack     at ChildProcess.emit (events.js:191:7)
646 verbose stack     at maybeClose (internal/child_process.js:886:16)
646 verbose stack     at Process.ChildProcess._handle.onexit (internal/child_process.js:226:5)
647 verbose pkgid bcrypt@0.7.3
648 verbose cwd F:\CODE\git\reflections\node.js\node.js实战\code_Node.js\code\9\shoutbox
649 error Windows_NT 10.0.14393
650 error argv "F:\\applications\\node.exe" "F:\\applications\\node_modules\\npm\\bin\\npm-cli.js" "install" "bcrypt" "--save"
651 error node v6.10.2
652 error npm  v3.10.10
653 error code ELIFECYCLE
654 error bcrypt@0.7.3 install: `node-gyp rebuild`
654 error Exit status 1
655 error Failed at the bcrypt@0.7.3 install script 'node-gyp rebuild'.
655 error Make sure you have the latest version of node.js and npm installed.
655 error If you do, this is most likely a problem with the bcrypt package,
655 error not with npm itself.
655 error Tell the author that this fails on your system:
655 error     node-gyp rebuild
655 error You can get information on how to open an issue for this project with:
655 error     npm bugs bcrypt
655 error Or if that isn't available, you can get their info via:
655 error     npm owner ls bcrypt
655 error There is likely additional logging output above.
656 verbose exit [ 1, true ]
